<?xml version="1.0" encoding="UTF-8"?>
<!-- Generated by org.testng.reporters.JUnitXMLReporter -->
<testsuite hostname="DESKTOP-K429KMQ" name="Test" tests="1" failures="0" timestamp="4 Jul 2019 07:14:53 GMT" time="53.893" errors="0">
  <testcase name="@BeforeClass beforeClass" time="0.0" classname="tests.NewTest">
    <failure type="org.openqa.selenium.WebDriverException" message="Failed to connect to binary FirefoxBinary(C:\Program Files (x86)\Mozilla Firefox\firefox.exe) on port 7055; process output follows: 
s.xpi	INFO	Mapping onboarding@mozilla.org to C:\Program Files (x86)\Mozilla Firefox\browser\features\onboarding@mozilla.org.xpi
1562224454832	addons.xpi	INFO	Mapping screenshots@mozilla.org to C:\Program Files (x86)\Mozilla Firefox\browser\features\screenshots@mozilla.org.xpi
1562224454832	addons.xpi	INFO	Mapping shield-recipe-client@mozilla.org to C:\Program Files (x86)\Mozilla Firefox\browser\features\shield-recipe-client@mozilla.org.xpi
1562224454832	addons.xpi	INFO	Mapping webcompat@mozilla.org to C:\Program Files (x86)\Mozilla Firefox\browser\features\webcompat@mozilla.org.xpi
1562224454832	addons.xpi	DEBUG	Existing add-on activity-stream@mozilla.org in app-system-defaults
1562224454834	addons.xpi	DEBUG	Existing add-on aushelper@mozilla.org in app-system-defaults
1562224454834	addons.xpi	DEBUG	Existing add-on firefox@getpocket.com in app-system-defaults
1562224454834	addons.xpi	DEBUG	Existing add-on followonsearch@mozilla.com in app-system-defaults
1562224454834	addons.xpi	DEBUG	Existing add-on formautofill@mozilla.org in app-system-defaults
1562224454836	addons.xpi	DEBUG	Existing add-on onboarding@mozilla.org in app-system-defaults
1562224454836	addons.xpi	DEBUG	Existing add-on screenshots@mozilla.org in app-system-defaults
1562224454836	addons.xpi	DEBUG	Existing add-on shield-recipe-client@mozilla.org in app-system-defaults
1562224454836	addons.xpi	DEBUG	Existing add-on webcompat@mozilla.org in app-system-defaults
1562224454838	addons.xpi	INFO	Mapping {972ce4c6-7e08-4474-a285-3208198ce6fd} to C:\Program Files (x86)\Mozilla Firefox\browser\extensions\{972ce4c6-7e08-4474-a285-3208198ce6fd}.xpi
1562224454838	addons.xpi	INFO	Mapping {DBBB3167-6E81-400f-BBFD-BD8921726F52} to C:\Program Files (x86)\Mozilla Firefox\browser\extensions\{DBBB3167-6E81-400f-BBFD-BD8921726F52}
1562224454838	addons.xpi	DEBUG	Existing add-on {972ce4c6-7e08-4474-a285-3208198ce6fd} in app-global
1562224454838	addons.xpi	DEBUG	Existing add-on {DBBB3167-6E81-400f-BBFD-BD8921726F52} in app-global
1562224454838	addons.xpi	DEBUG	getInstallState changed: false, state: {}
1562224468104	addons.xpi	DEBUG	Calling bootstrap method shutdown on webcompat@mozilla.org version 1.1
1562224468106	addons.xpi	DEBUG	Calling bootstrap method shutdown on shield-recipe-client@mozilla.org version 80
1562224468110	addons.xpi	DEBUG	Calling bootstrap method shutdown on screenshots@mozilla.org version 25.0.0
1562224468130	addons.xpi	DEBUG	Calling bootstrap method shutdown on onboarding@mozilla.org version 1.0
1562224468132	addons.xpi	DEBUG	Calling bootstrap method shutdown on formautofill@mozilla.org version 1.0
1562224468134	addons.xpi	DEBUG	Calling bootstrap method shutdown on followonsearch@mozilla.com version 0.9.6
1562224468134	addons.xpi	DEBUG	Calling bootstrap method shutdown on firefox@getpocket.com version 1.0.5
1562224468136	addons.xpi	DEBUG	Calling bootstrap method shutdown on aushelper@mozilla.org version 2.0
1562224468138	addons.xpi	DEBUG	Calling bootstrap method shutdown on activity-stream@mozilla.org version 2018.02.17.0026-173e2795
[Child 8024, Chrome_ChildThread] WARNING: pipe error: 109: file z:/build/build/src/ipc/chromium/src/chrome/common/ipc_channel_win.cc, line 346
[Child 8024, Chrome_ChildTh1562224468490	addons.manager	DEBUG	shutdown
1562224468492	addons.manager	DEBUG	Calling shutdown blocker for XPIProvider
1562224468492	addons.xpi	DEBUG	shutdown
1562224468494	addons.xpi-utils	DEBUG	shutdown
1562224468494	addons.manager	DEBUG	Calling shutdown blocker for LightweightThemeManager
1562224468494	addons.manager	DEBUG	Calling shutdown blocker for GMPProvider
1562224468494	addons.manager	DEBUG	Calling shutdown blocker for PluginProvider
1562224468496	addons.manager	DEBUG	Calling shutdown blocker for PreviousExperimentProvider
1562224468506	addons.manager	DEBUG	Async provider shutdown done
*** UTM:SVC TimerManager:registerTimer called after profile-before-change notification. Ignoring timer registration for id: telemetry_modules_ping

###!!! [Child][MessageChannel::SendAndWait] Error: Channel error: cannot send/recv


Build info: version: &amp;apos;2.53.0&amp;apos;, revision: &amp;apos;35ae25b&amp;apos;, time: &amp;apos;2016-03-15 16:57:40&amp;apos;
System info: host: &amp;apos;DESKTOP-K429KMQ&amp;apos;, ip: &amp;apos;10.100.216.108&amp;apos;, os.name: &amp;apos;Windows 10&amp;apos;, os.arch: &amp;apos;amd64&amp;apos;, os.version: &amp;apos;10.0&amp;apos;, java.version: &amp;apos;1.8.0_131&amp;apos;
Driver info: driver.version: FirefoxDriver">
      <![CDATA[org.openqa.selenium.WebDriverException: Failed to connect to binary FirefoxBinary(C:\Program Files (x86)\Mozilla Firefox\firefox.exe) on port 7055; process output follows: 
s.xpi	INFO	Mapping onboarding@mozilla.org to C:\Program Files (x86)\Mozilla Firefox\browser\features\onboarding@mozilla.org.xpi
1562224454832	addons.xpi	INFO	Mapping screenshots@mozilla.org to C:\Program Files (x86)\Mozilla Firefox\browser\features\screenshots@mozilla.org.xpi
1562224454832	addons.xpi	INFO	Mapping shield-recipe-client@mozilla.org to C:\Program Files (x86)\Mozilla Firefox\browser\features\shield-recipe-client@mozilla.org.xpi
1562224454832	addons.xpi	INFO	Mapping webcompat@mozilla.org to C:\Program Files (x86)\Mozilla Firefox\browser\features\webcompat@mozilla.org.xpi
1562224454832	addons.xpi	DEBUG	Existing add-on activity-stream@mozilla.org in app-system-defaults
1562224454834	addons.xpi	DEBUG	Existing add-on aushelper@mozilla.org in app-system-defaults
1562224454834	addons.xpi	DEBUG	Existing add-on firefox@getpocket.com in app-system-defaults
1562224454834	addons.xpi	DEBUG	Existing add-on followonsearch@mozilla.com in app-system-defaults
1562224454834	addons.xpi	DEBUG	Existing add-on formautofill@mozilla.org in app-system-defaults
1562224454836	addons.xpi	DEBUG	Existing add-on onboarding@mozilla.org in app-system-defaults
1562224454836	addons.xpi	DEBUG	Existing add-on screenshots@mozilla.org in app-system-defaults
1562224454836	addons.xpi	DEBUG	Existing add-on shield-recipe-client@mozilla.org in app-system-defaults
1562224454836	addons.xpi	DEBUG	Existing add-on webcompat@mozilla.org in app-system-defaults
1562224454838	addons.xpi	INFO	Mapping {972ce4c6-7e08-4474-a285-3208198ce6fd} to C:\Program Files (x86)\Mozilla Firefox\browser\extensions\{972ce4c6-7e08-4474-a285-3208198ce6fd}.xpi
1562224454838	addons.xpi	INFO	Mapping {DBBB3167-6E81-400f-BBFD-BD8921726F52} to C:\Program Files (x86)\Mozilla Firefox\browser\extensions\{DBBB3167-6E81-400f-BBFD-BD8921726F52}
1562224454838	addons.xpi	DEBUG	Existing add-on {972ce4c6-7e08-4474-a285-3208198ce6fd} in app-global
1562224454838	addons.xpi	DEBUG	Existing add-on {DBBB3167-6E81-400f-BBFD-BD8921726F52} in app-global
1562224454838	addons.xpi	DEBUG	getInstallState changed: false, state: {}
1562224468104	addons.xpi	DEBUG	Calling bootstrap method shutdown on webcompat@mozilla.org version 1.1
1562224468106	addons.xpi	DEBUG	Calling bootstrap method shutdown on shield-recipe-client@mozilla.org version 80
1562224468110	addons.xpi	DEBUG	Calling bootstrap method shutdown on screenshots@mozilla.org version 25.0.0
1562224468130	addons.xpi	DEBUG	Calling bootstrap method shutdown on onboarding@mozilla.org version 1.0
1562224468132	addons.xpi	DEBUG	Calling bootstrap method shutdown on formautofill@mozilla.org version 1.0
1562224468134	addons.xpi	DEBUG	Calling bootstrap method shutdown on followonsearch@mozilla.com version 0.9.6
1562224468134	addons.xpi	DEBUG	Calling bootstrap method shutdown on firefox@getpocket.com version 1.0.5
1562224468136	addons.xpi	DEBUG	Calling bootstrap method shutdown on aushelper@mozilla.org version 2.0
1562224468138	addons.xpi	DEBUG	Calling bootstrap method shutdown on activity-stream@mozilla.org version 2018.02.17.0026-173e2795
[Child 8024, Chrome_ChildThread] WARNING: pipe error: 109: file z:/build/build/src/ipc/chromium/src/chrome/common/ipc_channel_win.cc, line 346
[Child 8024, Chrome_ChildTh1562224468490	addons.manager	DEBUG	shutdown
1562224468492	addons.manager	DEBUG	Calling shutdown blocker for XPIProvider
1562224468492	addons.xpi	DEBUG	shutdown
1562224468494	addons.xpi-utils	DEBUG	shutdown
1562224468494	addons.manager	DEBUG	Calling shutdown blocker for LightweightThemeManager
1562224468494	addons.manager	DEBUG	Calling shutdown blocker for GMPProvider
1562224468494	addons.manager	DEBUG	Calling shutdown blocker for PluginProvider
1562224468496	addons.manager	DEBUG	Calling shutdown blocker for PreviousExperimentProvider
1562224468506	addons.manager	DEBUG	Async provider shutdown done
*** UTM:SVC TimerManager:registerTimer called after profile-before-change notification. Ignoring timer registration for id: telemetry_modules_ping

###!!! [Child][MessageChannel::SendAndWait] Error: Channel error: cannot send/recv


Build info: version: '2.53.0', revision: '35ae25b', time: '2016-03-15 16:57:40'
System info: host: 'DESKTOP-K429KMQ', ip: '10.100.216.108', os.name: 'Windows 10', os.arch: 'amd64', os.version: '10.0', java.version: '1.8.0_131'
Driver info: driver.version: FirefoxDriver
	at org.openqa.selenium.firefox.internal.NewProfileExtensionConnection.start(NewProfileExtensionConnection.java:124)
	at org.openqa.selenium.firefox.FirefoxDriver.startClient(FirefoxDriver.java:271)
	at org.openqa.selenium.remote.RemoteWebDriver.<init>(RemoteWebDriver.java:119)
	at org.openqa.selenium.firefox.FirefoxDriver.<init>(FirefoxDriver.java:218)
	at org.openqa.selenium.firefox.FirefoxDriver.<init>(FirefoxDriver.java:211)
	at org.openqa.selenium.firefox.FirefoxDriver.<init>(FirefoxDriver.java:207)
	at org.openqa.selenium.firefox.FirefoxDriver.<init>(FirefoxDriver.java:120)
	at tests.NewTest.beforeClass(NewTest.java:22)
Caused by: org.openqa.selenium.firefox.NotConnectedException: Unable to connect to host 127.0.0.1 on port 7055 after 45000 ms. Firefox console output:
s.xpi	INFO	Mapping onboarding@mozilla.org to C:\Program Files (x86)\Mozilla Firefox\browser\features\onboarding@mozilla.org.xpi
1562224454832	addons.xpi	INFO	Mapping screenshots@mozilla.org to C:\Program Files (x86)\Mozilla Firefox\browser\features\screenshots@mozilla.org.xpi
1562224454832	addons.xpi	INFO	Mapping shield-recipe-client@mozilla.org to C:\Program Files (x86)\Mozilla Firefox\browser\features\shield-recipe-client@mozilla.org.xpi
1562224454832	addons.xpi	INFO	Mapping webcompat@mozilla.org to C:\Program Files (x86)\Mozilla Firefox\browser\features\webcompat@mozilla.org.xpi
1562224454832	addons.xpi	DEBUG	Existing add-on activity-stream@mozilla.org in app-system-defaults
1562224454834	addons.xpi	DEBUG	Existing add-on aushelper@mozilla.org in app-system-defaults
1562224454834	addons.xpi	DEBUG	Existing add-on firefox@getpocket.com in app-system-defaults
1562224454834	addons.xpi	DEBUG	Existing add-on followonsearch@mozilla.com in app-system-defaults
1562224454834	addons.xpi	DEBUG	Existing add-on formautofill@mozilla.org in app-system-defaults
1562224454836	addons.xpi	DEBUG	Existing add-on onboarding@mozilla.org in app-system-defaults
1562224454836	addons.xpi	DEBUG	Existing add-on screenshots@mozilla.org in app-system-defaults
1562224454836	addons.xpi	DEBUG	Existing add-on shield-recipe-client@mozilla.org in app-system-defaults
1562224454836	addons.xpi	DEBUG	Existing add-on webcompat@mozilla.org in app-system-defaults
1562224454838	addons.xpi	INFO	Mapping {972ce4c6-7e08-4474-a285-3208198ce6fd} to C:\Program Files (x86)\Mozilla Firefox\browser\extensions\{972ce4c6-7e08-4474-a285-3208198ce6fd}.xpi
1562224454838	addons.xpi	INFO	Mapping {DBBB3167-6E81-400f-BBFD-BD8921726F52} to C:\Program Files (x86)\Mozilla Firefox\browser\extensions\{DBBB3167-6E81-400f-BBFD-BD8921726F52}
1562224454838	addons.xpi	DEBUG	Existing add-on {972ce4c6-7e08-4474-a285-3208198ce6fd} in app-global
1562224454838	addons.xpi	DEBUG	Existing add-on {DBBB3167-6E81-400f-BBFD-BD8921726F52} in app-global
1562224454838	addons.xpi	DEBUG	getInstallState changed: false, state: {}
1562224468104	addons.xpi	DEBUG	Calling bootstrap method shutdown on webcompat@mozilla.org version 1.1
1562224468106	addons.xpi	DEBUG	Calling bootstrap method shutdown on shield-recipe-client@mozilla.org version 80
1562224468110	addons.xpi	DEBUG	Calling bootstrap method shutdown on screenshots@mozilla.org version 25.0.0
1562224468130	addons.xpi	DEBUG	Calling bootstrap method shutdown on onboarding@mozilla.org version 1.0
1562224468132	addons.xpi	DEBUG	Calling bootstrap method shutdown on formautofill@mozilla.org version 1.0
1562224468134	addons.xpi	DEBUG	Calling bootstrap method shutdown on followonsearch@mozilla.com version 0.9.6
1562224468134	addons.xpi	DEBUG	Calling bootstrap method shutdown on firefox@getpocket.com version 1.0.5
1562224468136	addons.xpi	DEBUG	Calling bootstrap method shutdown on aushelper@mozilla.org version 2.0
1562224468138	addons.xpi	DEBUG	Calling bootstrap method shutdown on activity-stream@mozilla.org version 2018.02.17.0026-173e2795
[Child 8024, Chrome_ChildThread] WARNING: pipe error: 109: file z:/build/build/src/ipc/chromium/src/chrome/common/ipc_channel_win.cc, line 346
[Child 8024, Chrome_ChildTh1562224468490	addons.manager	DEBUG	shutdown
1562224468492	addons.manager	DEBUG	Calling shutdown blocker for XPIProvider
1562224468492	addons.xpi	DEBUG	shutdown
1562224468494	addons.xpi-utils	DEBUG	shutdown
1562224468494	addons.manager	DEBUG	Calling shutdown blocker for LightweightThemeManager
1562224468494	addons.manager	DEBUG	Calling shutdown blocker for GMPProvider
1562224468494	addons.manager	DEBUG	Calling shutdown blocker for PluginProvider
1562224468496	addons.manager	DEBUG	Calling shutdown blocker for PreviousExperimentProvider
1562224468506	addons.manager	DEBUG	Async provider shutdown done
*** UTM:SVC TimerManager:registerTimer called after profile-before-change notification. Ignoring timer registration for id: telemetry_modules_ping

###!!! [Child][MessageChannel::SendAndWait] Error: Channel error: cannot send/recv


	at org.openqa.selenium.firefox.internal.NewProfileExtensionConnection.start(NewProfileExtensionConnection.java:112)
	... 31 more
... Removed 24 stack frames]]>
    </failure>
  </testcase> <!-- @BeforeClass beforeClass -->
  <testcase name="@AfterClass afterClass" time="0.0" classname="tests.NewTest">
    <skipped/>
  </testcase> <!-- @AfterClass afterClass -->
  <testcase name="openMyBlog" time="0.025" classname="tests.NewTest">
    <skipped/>
  </testcase> <!-- openMyBlog -->
</testsuite> <!-- Test -->
