<?xml version="1.0" encoding="UTF-8"?>
<testng-results skipped="0" failed="0" total="1" passed="1">
  <reporter-output>
  </reporter-output>
  <suite name="Suite" duration-ms="14910" started-at="2019-07-10T06:16:06Z" finished-at="2019-07-10T06:16:21Z">
    <groups>
    </groups>
    <test name="Test" duration-ms="14910" started-at="2019-07-10T06:16:06Z" finished-at="2019-07-10T06:16:21Z">
      <class name="tests.NewTest">
        <test-method status="PASS" signature="beforeClass()[pri:0, instance:tests.NewTest@783e6358]" name="beforeClass" is-config="true" duration-ms="9299" started-at="2019-07-10T11:46:06Z" finished-at="2019-07-10T11:46:15Z">
          <reporter-output>
          </reporter-output>
        </test-method> <!-- beforeClass -->
        <test-method status="PASS" signature="openMyBlog()[pri:0, instance:tests.NewTest@783e6358]" name="openMyBlog" duration-ms="2944" started-at="2019-07-10T11:46:15Z" finished-at="2019-07-10T11:46:18Z">
          <reporter-output>
          </reporter-output>
        </test-method> <!-- openMyBlog -->
        <test-method status="PASS" signature="afterClass()[pri:0, instance:tests.NewTest@783e6358]" name="afterClass" is-config="true" duration-ms="2653" started-at="2019-07-10T11:46:18Z" finished-at="2019-07-10T11:46:21Z">
          <reporter-output>
          </reporter-output>
        </test-method> <!-- afterClass -->
      </class> <!-- tests.NewTest -->
    </test> <!-- Test -->
  </suite> <!-- Suite -->
</testng-results>
